"E:\software\clion\Clion\CLion 2019.3.6\bin\cmake\win\bin\cmake.exe" -DCMAKE_BUILD_TYPE=Debug -DCMAKE_C_COMPILER=E:/software/clion/gcc_arm/gcc-arm-none-eabi-10.3-2021.10/bin/arm-none-eabi-gcc.exe -DCMAKE_CXX_COMPILER=E:/software/clion/gcc_arm/gcc-arm-none-eabi-10.3-2021.10/bin/arm-none-eabi-g++.exe -G "CodeBlocks - MinGW Makefiles" E:\file\code\stm32\clionStm32Demo\Demo6_git
-- The C compiler identification is GNU 10.3.1
-- Check for working C compiler: E:/software/clion/gcc_arm/gcc-arm-none-eabi-10.3-2021.10/bin/arm-none-eabi-gcc.exe
-- Check for working C compiler: E:/software/clion/gcc_arm/gcc-arm-none-eabi-10.3-2021.10/bin/arm-none-eabi-gcc.exe -- broken
CMake Error at E:/software/clion/Clion/CLion 2019.3.6/bin/cmake/win/share/cmake-3.15/Modules/CMakeTestCCompiler.cmake:60 (message):
  The C compiler

    "E:/software/clion/gcc_arm/gcc-arm-none-eabi-10.3-2021.10/bin/arm-none-eabi-gcc.exe"

  is not able to compile a simple test program.

  It fails with the following output:

    Change Dir: E:/file/code/stm32/clionStm32Demo/Demo6_git/cmake-build-debug/CMakeFiles/CMakeTmp
    
    Run Build Command(s):E:/software/clion/mingw/bin/mingw32-make.exe cmTC_fd7bb/fast && E:/software/clion/mingw/bin/mingw32-make.exe -f CMakeFiles\cmTC_fd7bb.dir\build.make CMakeFiles/cmTC_fd7bb.dir/build
    mingw32-make.exe[1]: Entering directory 'E:/file/code/stm32/clionStm32Demo/Demo6_git/cmake-build-debug/CMakeFiles/CMakeTmp'
    Building C object CMakeFiles/cmTC_fd7bb.dir/testCCompiler.c.obj
    E:\software\clion\gcc_arm\gcc-arm-none-eabi-10.3-2021.10\bin\arm-none-eabi-gcc.exe    -o CMakeFiles\cmTC_fd7bb.dir\testCCompiler.c.obj   -c E:\file\code\stm32\clionStm32Demo\Demo6_git\cmake-build-debug\CMakeFiles\CMakeTmp\testCCompiler.c
    Linking C executable cmTC_fd7bb.exe
    "E:\software\clion\Clion\CLion 2019.3.6\bin\cmake\win\bin\cmake.exe" -E cmake_link_script CMakeFiles\cmTC_fd7bb.dir\link.txt --verbose=1
    "E:\software\clion\Clion\CLion 2019.3.6\bin\cmake\win\bin\cmake.exe" -E remove -f CMakeFiles\cmTC_fd7bb.dir/objects.a
    E:\software\clion\mingw\bin\ar.exe cr CMakeFiles\cmTC_fd7bb.dir/objects.a @CMakeFiles\cmTC_fd7bb.dir\objects1.rsp
    E:\software\clion\gcc_arm\gcc-arm-none-eabi-10.3-2021.10\bin\arm-none-eabi-gcc.exe      -Wl,--whole-archive CMakeFiles\cmTC_fd7bb.dir/objects.a -Wl,--no-whole-archive  -o cmTC_fd7bb.exe -Wl,--out-implib,libcmTC_fd7bb.dll.a -Wl,--major-image-version,0,--minor-image-version,0 
    e:/software/clion/gcc_arm/gcc-arm-none-eabi-10.3-2021.10/bin/../lib/gcc/arm-none-eabi/10.3.1/../../../../arm-none-eabi/bin/ld.exe: unrecognized option '--major-image-version'
    e:/software/clion/gcc_arm/gcc-arm-none-eabi-10.3-2021.10/bin/../lib/gcc/arm-none-eabi/10.3.1/../../../../arm-none-eabi/bin/ld.exe: use the --help option for usage information
    collect2.exe: error: ld returned 1 exit status
    CMakeFiles\cmTC_fd7bb.dir\build.make:86: recipe for target 'cmTC_fd7bb.exe' failed
    mingw32-make.exe[1]: *** [cmTC_fd7bb.exe] Error 1
    mingw32-make.exe[1]: Leaving directory 'E:/file/code/stm32/clionStm32Demo/Demo6_git/cmake-build-debug/CMakeFiles/CMakeTmp'
    Makefile:120: recipe for target 'cmTC_fd7bb/fast' failed
    mingw32-make.exe: *** [cmTC_fd7bb/fast] Error 2
    
    

  

  CMake will not be able to correctly generate this project.
Call Stack (most recent call first):
  CMakeLists.txt:2 (project)


-- Configuring incomplete, errors occurred!
See also "E:/file/code/stm32/clionStm32Demo/Demo6_git/cmake-build-debug/CMakeFiles/CMakeOutput.log".
See also "E:/file/code/stm32/clionStm32Demo/Demo6_git/cmake-build-debug/CMakeFiles/CMakeError.log".
